<?xml version="1.0" encoding="UTF-8"?>
<!-- Generated by org.testng.reporters.JUnitReportReporter -->
<testsuite hostname="LAPTOP-RF4MER48" failures="0" tests="1" name="autoIT.BackgroundColor" time="21.745" errors="0" timestamp="2023-09-04T22:04:02 IST" skipped="0">
  <testcase classname="autoIT.BackgroundColor" name="testZoho" time="21.745"/>
  <system-out/>
</testsuite> <!-- autoIT.BackgroundColor -->
