<?xml version="1.0" encoding="UTF-8"?>
<!-- Generated by org.testng.reporters.JUnitReportReporter -->
<testsuite hostname="LAPTOP-RF4MER48" failures="0" tests="1" name="pageObjectModel.LoginTest" time="50.346" errors="0" timestamp="2023-09-03T22:18:23 IST" skipped="0">
  <testcase classname="pageObjectModel.LoginTest" name="logintest" time="50.346"/>
  <system-out/>
</testsuite> <!-- pageObjectModel.LoginTest -->
