<?xml version="1.0" encoding="UTF-8"?>
<!-- Generated by org.testng.reporters.JUnitReportReporter -->
<testsuite hostname="LAPTOP-RF4MER48" failures="0" tests="1" name="autoIT.DatePicker" time="61.825" errors="0" timestamp="2023-09-05T00:39:52 IST" skipped="0">
  <testcase classname="autoIT.DatePicker" name="testDatePicker" time="61.825"/>
  <system-out/>
</testsuite> <!-- autoIT.DatePicker -->
